### Custom WaveView ADV log file, revision N-2017.12-SP1 (build Feb 27, ) ###
### created at 13:35:30 on Wed Aug 10 2022 (Linux AMD64) ###
### Host Name: knuee-srv1   User ID: IDEC25   PID: 234068   ###
wv_start_log
# (0) running in waveview only mode
# (0) SW_SX_PERL_LIB defined
# (0) SW_SX_TCL_LIB defined
# (0) HOME defined
wv_move_window {Custom WaveView} {} -10 20
wv_select_window {Custom WaveView} 
wv_press_tool_button {Custom WaveView} {} {OpenWaveform0} 
wv_move_window {FileDialog} {} 389 27
wv_select_dialog {FileDialog} 
wv_move_scrollbar {FileDialog} {} {FileList.HScrollBar} {263}
wv_select_list_item {FileDialog} {} {FileList} {sample7.sp} 31
wv_select_list_item {FileDialog} {} {FileList} {sample6.tr0} 28
wv_select_list_item {FileDialog} {} {FileList} {sample7.tr0} 33
wv_select_list_item {FileDialog} {} {FileList} {sample7.st0} 32
wv_select_list_item {FileDialog} {} {FileList} {sample7.st0} 32
wv_dclick_list_item {FileDialog} {} {FileList} {sample7.st0} 32
wv_press_tool_button {Custom WaveView} {} {OpenWaveform0} 
wv_move_window {FileDialog} {} 389 27
wv_select_dialog {FileDialog} 
wv_move_scrollbar {FileDialog} {} {FileList.HScrollBar} {263}
wv_select_list_item {FileDialog} {} {FileList} {sample7.sp} 31
wv_select_list_item {FileDialog} {} {FileList} {sample7.tr0} 33
wv_dclick_list_item {FileDialog} {} {FileList} {sample7.tr0} 33
wv_expand_tree_item {Custom WaveView} {} {hierview} {D0:sample7.tr0(0)} {+sep=@}
wv_select_tree_item {Custom WaveView} {} {hierview} {D0:sample7.tr0(0)} {0} {+sep=@}
wv_expand_tree_item {Custom WaveView} {} {hierview} {D0:sample7.tr0(0)@toplevel(0)} {+sep=@}
wv_select_tree_item {Custom WaveView} {} {hierview} {D0:sample7.tr0(0)@toplevel(0)} {0} {+sep=@}
wv_select_tree_item {Custom WaveView} {} {hierview} {D0:sample7.tr0(0)@toplevel(0)@xi0(0)} {0} {+sep=@}
wv_select_tree_item {Custom WaveView} {} {hierview} {D0:sample7.tr0(0)@toplevel(0)@xi0(0)} {0} {+sep=@}
wv_select_tree_item {Custom WaveView} {} {hierview} {D0:sample7.tr0(0)@toplevel(0)} {0} {+sep=@}
wv_select_tree_item {Custom WaveView} {} {hierview} {D0:sample7.tr0(0)@toplevel(0)} {0} {+sep=@}
wv_select_tree_item {Custom WaveView} {} {hierview} {D0:sample7.tr0(0)@toplevel(0)@xi0(0)} {0} {+sep=@}
wv_select_tree_item {Custom WaveView} {} {hierview} {D0:sample7.tr0(0)@toplevel(0)@xi0(0)} {0} {+sep=@}
wv_select_list_item {Custom WaveView} {} {sigview} {xi0.v(net16)} 0
wv_select_tree_item {Custom WaveView} {} {hierview} {D0:sample7.tr0(0)@toplevel(0)@xi0(0)} {0} {+sep=@}
wv_select_tree_item {Custom WaveView} {} {hierview} {D0:sample7.tr0(0)@toplevel(0)@xi0(0)} {0} {+sep=@}
wv_select_tree_item {Custom WaveView} {} {hierview} {D0:sample7.tr0(0)@toplevel(0)} {0} {+sep=@}
wv_select_tree_item {Custom WaveView} {} {hierview} {D0:sample7.tr0(0)@toplevel(0)} {0} {+sep=@}
wv_select_list_item {Custom WaveView} {} {sigview} {v(vin)} 4
wv_select_list_item {Custom WaveView} {} {sigview} {v(vin)} 4
wv_drag_list_item {Custom WaveView} {} {sigview} {v(vin)} 4
wv_drag_enter WV1
wv_drop_on WV1
wv_select_list_item {Custom WaveView} {} {sigview} {v(vout)} 5
wv_select_list_item {Custom WaveView} {} {sigview} {v(vout)} 5
wv_drag_list_item {Custom WaveView} {} {sigview} {v(vout)} 5
wv_drag_enter WV1
wv_drag_to WV1 0 299
wv_drag_to WV1 139 259
wv_drop_on WV1
wv_select_waveview 1 {waveview 1}
wv_select_wv_item WV1.PANEL1:1.XAXIS1
wv_drag_item_to WV1 134 322
wv_zoom_x WV1.PANEL1:1 1.02302e-10 1.07417e-09
wv_select_window {Custom WaveView} 
wv_select_waveview 1 {waveview 1}
wv_select_panel WV1.PANEL1:1 2.63238e-10 -0.0150933
wv_drag_item_to WV1 183 318
wv_zoom WV1.PANEL1:1 2.63238e-10 -0.0150933 6.3418e-10 -0.0517593
wv_select_waveview 1 {waveview 1}
wv_select_toolbar_item {Custom WaveView} {waveview 1:1} {Undo Zoom} 
wv_select_waveview 1 {waveview 1}
wv_select_wv_item WV1.PANEL1:1.XAXIS1
wv_drag_item_to WV1 206 324
wv_zoom_x WV1.PANEL1:1 3.17643e-10 5.00641e-10
wv_select_waveview 1 {waveview 1}
wv_select_toolbar_item {Custom WaveView} {waveview 1:1} {Undo Zoom} 
wv_select_waveview 1 {waveview 1}
wv_select_panel WV1.PANEL1:1 2.83022e-10 -0.0260931
wv_drag_item_to WV1 192 320
wv_zoom WV1.PANEL1:1 2.83022e-10 -0.0260931 3.8194e-10 -0.0187599
wv_select_waveview 1 {waveview 1}
wv_select_toolbar_item {Custom WaveView} {waveview 1:1} {Undo Zoom} 
wv_select_waveview 1 {waveview 1}
wv_select_wv_item WV1.PANEL1:1.XAXIS1
wv_drag_item_to WV1 191 325
wv_zoom_x WV1.PANEL1:1 2.85495e-10 6.31707e-10
wv_close_window {Custom WaveView} 
wv_select_dialog {Confirmation} 
#wv_press_button {Confirmation} {} {Ok} 
#*WARNING* Can not remove '/home/KNUEEhdd1/idec/IDEC25/.cx_hostport/.cx_hostport_knuee-srv1_234068'.
