[10:37:07.53] /o 
              /c                                 Custom Compiler 
              /c 
              /c                  Version S-2021.09 for linux64 - Aug 25, 2021 
              /c 
              /c                     Copyright (c) 2004 - 2021 Synopsys, Inc.
              /c    This software and the associated documentation are proprietary to Synopsys,
              /c  Inc. This software may only be used in accordance with the terms and conditions
              /c  of a written license agreement with Synopsys, Inc. All other use, reproduction,
              /c    or distribution of this software is strictly prohibited.  Licensed Products
              /c      communicate with Synopsys servers for the purpose of providing software
              /c     updates, detecting software piracy and verifying that customers are using
              /c     Licensed Products in conformity with the applicable License Key for such
              /c   Licensed Products. Synopsys will use information gathered in connection with
              /c     this process to deliver software updates and pursue software pirates and
              /c                                    infringers.
              /c 
              /c  Inclusivity & Diversity - Visit SolvNetPlus to read the "Synopsys Statement on
              /c             Inclusivity and Diversity" (Refer to article 000036315 at
              /c                         https://solvnetplus.synopsys.com)
              /c 
              /c Build  (OPT) Config 6809741 compiled on Wed Aug 25 11:47:50 2021 for CentOS64 7.3
              /c Invocation: /usr/synopsys/customcompiler/S-2021.09/linux64/platform/bin/custom_compiler
              /c Execution time: Wed Aug 10 10:37:04 2022
              /c Host: knuee-srv1
              /c Working directory: /home/KNUEEhdd1/idec/IDEC25
              /c 
[10:37:10.19] /r giShowFrameTabs true
[10:37:10.19] /r giWindowId 1
[10:37:10.20] /r giWindowGeometry 1040x800
[10:37:10.58] /i db::setAttr geometry -of [gi::getFrames 1] -value 1040x824+179+56
[10:37:13.27] /# gi::pressButton {/scroll/scrollArea/scrollAreaInnerWidget/applications/dmLibraryManager} -in [gi::getWindows 1]
[10:37:13.27] /# 
[10:37:13.57] /i gi::addWindow [dm::openLibraryManager] -to 1
[10:37:13.57] /r giWindowId 2
[10:37:13.58] /r giWindowGeometry 660x600+50+78
[10:37:14.53] /i gi::executeAction {menuPreShow} -in [gi::getWindows 2]
[10:37:14.53] /r giMenuAccess db::getNext [gi::getMenus dmLibraryContextMenu]
[10:37:15.14] /i gi::setCurrentIndex {libs} -index {analogLib} -in [gi::getWindows 2]
[10:37:19.23] /# gi::executeAction {dmShowNewLibrary} -in [gi::getWindows 2]
[10:37:19.23] /i dm::showNewLibrary -parent 2
[10:37:19.31] /i gi::setActiveDialog [gi::getDialogs {dmNewLibrary} -parent [gi::getWindows 2]]
[10:37:19.57] /i db::setAttr geometry -of [gi::getDialogs {dmNewLibrary} -parent [gi::getWindows 2]] -value 458x467+460+183
[10:37:21.90] /i gi::closeWindows [gi::getDialogs {dmNewLibrary} -parent [gi::getWindows 2]]
[10:37:23.30] /i gi::setActiveWindow 1
[10:37:23.30] /i gi::setActiveWindow 1 -raise true
[10:37:24.63] /i gi::setActiveWindow 2
[10:37:24.63] /i gi::setActiveWindow 2 -raise true
[10:37:27.88] /i gi::executeAction {menuPreShow} -in [gi::getWindows 2]
[10:37:27.88] /r giMenuAccess db::getNext [gi::getMenus dmEditMenu -from [gi::getWindows 2]]
[10:37:31.39] /i exit
[10:37:31.46] /r giDialog gi::setActiveDialog [gi::getDialogs {deExitDialog} -parent [gi::getWindows 2]]
[10:37:31.77] /r giDialog db::setAttr geometry -of [gi::getDialogs {deExitDialog} -parent [gi::getWindows 2]] -value 419x181+490+323
[10:37:32.88] /r giDialog gi::pressButton {ok} -in [gi::getDialogs {deExitDialog} -parent [gi::getWindows 2]]
[10:37:33.61] /o Shutdown time: Wed Aug 10 10:37:33 2022
[10:37:33.61] /o Elapsed session real time: 0.43 minutes
[10:37:33.61] /o Session terminated. Log is at /home/KNUEEhdd1/idec/IDEC25/synopsys_custom/logs/ccompiler.IDEC25.2022_8_10_103704_171269.log
