[10:37:47.57] /o 
              /c                                 Custom Compiler 
              /c 
              /c                  Version S-2021.09 for linux64 - Aug 25, 2021 
              /c 
              /c                     Copyright (c) 2004 - 2021 Synopsys, Inc.
              /c    This software and the associated documentation are proprietary to Synopsys,
              /c  Inc. This software may only be used in accordance with the terms and conditions
              /c  of a written license agreement with Synopsys, Inc. All other use, reproduction,
              /c    or distribution of this software is strictly prohibited.  Licensed Products
              /c      communicate with Synopsys servers for the purpose of providing software
              /c     updates, detecting software piracy and verifying that customers are using
              /c     Licensed Products in conformity with the applicable License Key for such
              /c   Licensed Products. Synopsys will use information gathered in connection with
              /c     this process to deliver software updates and pursue software pirates and
              /c                                    infringers.
              /c 
              /c  Inclusivity & Diversity - Visit SolvNetPlus to read the "Synopsys Statement on
              /c             Inclusivity and Diversity" (Refer to article 000036315 at
              /c                         https://solvnetplus.synopsys.com)
              /c 
              /c Build  (OPT) Config 6809741 compiled on Wed Aug 25 11:47:50 2021 for CentOS64 7.3
              /c Invocation: /usr/synopsys/customcompiler/S-2021.09/linux64/platform/bin/custom_compiler
              /c Execution time: Wed Aug 10 10:37:44 2022
              /c Host: knuee-srv1
              /c Working directory: /home/KNUEEhdd1/idec/IDEC25/03-cc
              /c 
[10:37:50.19] /r giShowFrameTabs true
[10:37:50.19] /r giWindowId 1
[10:37:50.19] /r giWindowGeometry 1040x800
[10:37:50.60] /i db::setAttr geometry -of [gi::getFrames 1] -value 1040x824+179+56
[10:37:51.73] /# gi::pressButton {/scroll/scrollArea/scrollAreaInnerWidget/applications/dmLibraryManager} -in [gi::getWindows 1]
[10:37:51.73] /# 
[10:37:52.04] /i gi::addWindow [dm::openLibraryManager] -to 1
[10:37:52.04] /r giWindowId 2
[10:37:52.04] /r giWindowGeometry 660x600+50+78
[10:37:55.26] /i exit
[10:37:55.32] /r giDialog gi::setActiveDialog [gi::getDialogs {deExitDialog} -parent [gi::getWindows 2]]
[10:37:55.64] /r giDialog db::setAttr geometry -of [gi::getDialogs {deExitDialog} -parent [gi::getWindows 2]] -value 419x181+490+323
[10:37:56.65] /r giDialog gi::pressButton {ok} -in [gi::getDialogs {deExitDialog} -parent [gi::getWindows 2]]
[10:37:57.31] /o Shutdown time: Wed Aug 10 10:37:57 2022
[10:37:57.31] /o Elapsed session real time: 0.16 minutes
[10:37:57.31] /o Session terminated. Log is at /home/KNUEEhdd1/idec/IDEC25/03-cc/synopsys_custom/logs/ccompiler.IDEC25.2022_8_10_103744_172610.log
