
                                  PYDB_Server 

          Version S-2021.06-SP2 for linux64 - Aug 30, 2021 cl#6831572

                    Copyright (c) 2007 - 2021 Synopsys, Inc.
   This software and the associated documentation are proprietary to Synopsys,
 Inc. This software may only be used in accordance with the terms and conditions
 of a written license agreement with Synopsys, Inc. All other use, reproduction,
   or distribution of this software is strictly prohibited.  Licensed Products
     communicate with Synopsys servers for the purpose of providing software
    updates, detecting software piracy and verifying that customers are using
    Licensed Products in conformity with the applicable License Key for such
  Licensed Products. Synopsys will use information gathered in connection with
    this process to deliver software updates and pursue software pirates and
                                   infringers.

 Inclusivity & Diversity - Visit SolvNetPlus to read the "Synopsys Statement on
            Inclusivity and Diversity" (Refer to article 000036315 at
                        https://solvnetplus.synopsys.com)

variable width coordinate support enabled.
Removing old database /home/KNUEEhdd1/idec/IDEC25/03-cc/customPDK32nm/synopsys_custom/inv.icv.drc/run_details/pydb/PYDB_inv
Listening for connections on port 8769
PYDB_Server Started on host knuee-srv1, Thu 08/11/2022 10:30:23
Client knuee-srv1(66840):17 connected (1 total client)
Verified current licenses.
Opening file:/home/KNUEEhdd1/idec/IDEC25/03-cc/customPDK32nm/synopsys_custom/inv.icv.drc/run_details/pydb/PYDB_inv?nolock=1
SQLite page_size=65536
SQLite cache_size=65536
SQLite mmap_size=0
SQLite journal_mode=OFF
SQLite version 3.33.0
Client knuee-srv1(66930):24 connected (2 total clients)
Client knuee-srv1(66944):25 connected (3 total clients)
Client knuee-srv1(66944):25 connection closed
Client knuee-srv1(66944):25 disconnected (2 clients remain)
Client knuee-srv1(66944):25 connected (3 total clients)
Client knuee-srv1(66930):24 connection closed
Client knuee-srv1(66930):24 disconnected (2 clients remain)
Client knuee-srv1(66930):24 connected (3 total clients)
Client knuee-srv1(66930):24 connection closed
Client knuee-srv1(66930):24 disconnected (2 clients remain)
Client knuee-srv1(66930):24 connected (3 total clients)
Client knuee-srv1(66944):25 connection closed
Client knuee-srv1(66944):25 disconnected (2 clients remain)
Begin error insertion: /home/KNUEEhdd1/idec/IDEC25/03-cc/customPDK32nm/synopsys_custom/invx0.icv.drc/saed32nm_1p9m_drc_rules.drc.rs:270:area
Error insertion complete: /home/KNUEEhdd1/idec/IDEC25/03-cc/customPDK32nm/synopsys_custom/invx0.icv.drc/saed32nm_1p9m_drc_rules.drc.rs:270:area
  Error Insertion Time=0:00:00  User=0.01 Sys=0.01 Mem=0.000 GB SQLite=0.007 GB Unpooled=0.000 GB
Begin error insertion: /home/KNUEEhdd1/idec/IDEC25/03-cc/customPDK32nm/synopsys_custom/invx0.icv.drc/saed32nm_1p9m_drc_rules.drc.rs:470:area
Error insertion complete: /home/KNUEEhdd1/idec/IDEC25/03-cc/customPDK32nm/synopsys_custom/invx0.icv.drc/saed32nm_1p9m_drc_rules.drc.rs:470:area
  Error Insertion Time=0:00:00  User=0.00 Sys=0.00 Mem=0.000 GB SQLite=0.007 GB Unpooled=0.000 GB
Client knuee-srv1(66944):25 connected (3 total clients)
Begin error insertion: /home/KNUEEhdd1/idec/IDEC25/03-cc/customPDK32nm/synopsys_custom/invx0.icv.drc/saed32nm_1p9m_drc_rules.drc.rs:489:internal1
Error insertion complete: /home/KNUEEhdd1/idec/IDEC25/03-cc/customPDK32nm/synopsys_custom/invx0.icv.drc/saed32nm_1p9m_drc_rules.drc.rs:489:internal1
  Error Insertion Time=0:00:00  User=0.00 Sys=0.00 Mem=0.000 GB SQLite=0.007 GB Unpooled=0.000 GB
Begin error insertion: /home/KNUEEhdd1/idec/IDEC25/03-cc/customPDK32nm/synopsys_custom/invx0.icv.drc/saed32nm_1p9m_drc_rules.drc.rs:494:enclose
Error insertion complete: /home/KNUEEhdd1/idec/IDEC25/03-cc/customPDK32nm/synopsys_custom/invx0.icv.drc/saed32nm_1p9m_drc_rules.drc.rs:494:enclose
  Error Insertion Time=0:00:00  User=0.01 Sys=0.01 Mem=0.000 GB SQLite=0.008 GB Unpooled=0.000 GB
Begin error insertion: /home/KNUEEhdd1/idec/IDEC25/03-cc/customPDK32nm/synopsys_custom/invx0.icv.drc/saed32nm_1p9m_drc_rules.drc.rs:456:enclose
Error insertion complete: /home/KNUEEhdd1/idec/IDEC25/03-cc/customPDK32nm/synopsys_custom/invx0.icv.drc/saed32nm_1p9m_drc_rules.drc.rs:456:enclose
  Error Insertion Time=0:00:00  User=0.00 Sys=0.00 Mem=0.000 GB SQLite=0.008 GB Unpooled=0.000 GB
Begin error insertion: /home/KNUEEhdd1/idec/IDEC25/03-cc/customPDK32nm/synopsys_custom/invx0.icv.drc/saed32nm_1p9m_drc_rules.drc.rs:558:external2
Error insertion complete: /home/KNUEEhdd1/idec/IDEC25/03-cc/customPDK32nm/synopsys_custom/invx0.icv.drc/saed32nm_1p9m_drc_rules.drc.rs:558:external2
  Error Insertion Time=0:00:00  User=0.00 Sys=0.00 Mem=0.000 GB SQLite=0.008 GB Unpooled=0.000 GB
Begin error insertion: /home/KNUEEhdd1/idec/IDEC25/03-cc/customPDK32nm/synopsys_custom/invx0.icv.drc/saed32nm_1p9m_drc_rules.drc.rs:545:enclose
Error insertion complete: /home/KNUEEhdd1/idec/IDEC25/03-cc/customPDK32nm/synopsys_custom/invx0.icv.drc/saed32nm_1p9m_drc_rules.drc.rs:545:enclose
  Error Insertion Time=0:00:00  User=0.00 Sys=0.00 Mem=0.000 GB SQLite=0.008 GB Unpooled=0.000 GB
Begin error insertion: /home/KNUEEhdd1/idec/IDEC25/03-cc/customPDK32nm/synopsys_custom/invx0.icv.drc/saed32nm_1p9m_drc_rules.drc.rs:466:enclose
Error insertion complete: /home/KNUEEhdd1/idec/IDEC25/03-cc/customPDK32nm/synopsys_custom/invx0.icv.drc/saed32nm_1p9m_drc_rules.drc.rs:466:enclose
  Error Insertion Time=0:00:00  User=0.00 Sys=0.00 Mem=0.000 GB SQLite=0.008 GB Unpooled=0.000 GB
Begin error insertion: /home/KNUEEhdd1/idec/IDEC25/03-cc/customPDK32nm/synopsys_custom/invx0.icv.drc/saed32nm_1p9m_drc_rules.drc.rs:959:area
Error insertion complete: /home/KNUEEhdd1/idec/IDEC25/03-cc/customPDK32nm/synopsys_custom/invx0.icv.drc/saed32nm_1p9m_drc_rules.drc.rs:959:area
  Error Insertion Time=0:00:00  User=0.00 Sys=0.01 Mem=0.000 GB SQLite=0.008 GB Unpooled=0.000 GB
Begin error insertion: /home/KNUEEhdd1/idec/IDEC25/03-cc/customPDK32nm/synopsys_custom/invx0.icv.drc/saed32nm_1p9m_drc_rules.drc.rs:975:not
Error insertion complete: /home/KNUEEhdd1/idec/IDEC25/03-cc/customPDK32nm/synopsys_custom/invx0.icv.drc/saed32nm_1p9m_drc_rules.drc.rs:975:not
  Error Insertion Time=0:00:00  User=0.00 Sys=0.00 Mem=0.001 GB SQLite=0.009 GB Unpooled=0.000 GB
Begin error insertion: /home/KNUEEhdd1/idec/IDEC25/03-cc/customPDK32nm/synopsys_custom/invx0.icv.drc/saed32nm_1p9m_drc_rules.drc.rs:766:internal1
Error insertion complete: /home/KNUEEhdd1/idec/IDEC25/03-cc/customPDK32nm/synopsys_custom/invx0.icv.drc/saed32nm_1p9m_drc_rules.drc.rs:766:internal1
  Error Insertion Time=0:00:00  User=0.00 Sys=0.00 Mem=0.001 GB SQLite=0.009 GB Unpooled=0.000 GB
Begin error insertion: /home/KNUEEhdd1/idec/IDEC25/03-cc/customPDK32nm/synopsys_custom/invx0.icv.drc/saed32nm_1p9m_drc_rules.drc.rs:503:enclose
Error insertion complete: /home/KNUEEhdd1/idec/IDEC25/03-cc/customPDK32nm/synopsys_custom/invx0.icv.drc/saed32nm_1p9m_drc_rules.drc.rs:503:enclose
  Error Insertion Time=0:00:00  User=0.00 Sys=0.00 Mem=0.001 GB SQLite=0.009 GB Unpooled=0.000 GB
Begin error insertion: /home/KNUEEhdd1/idec/IDEC25/03-cc/customPDK32nm/synopsys_custom/invx0.icv.drc/saed32nm_1p9m_drc_rules.drc.rs:549:enclose
Error insertion complete: /home/KNUEEhdd1/idec/IDEC25/03-cc/customPDK32nm/synopsys_custom/invx0.icv.drc/saed32nm_1p9m_drc_rules.drc.rs:549:enclose
  Error Insertion Time=0:00:00  User=0.00 Sys=0.00 Mem=0.001 GB SQLite=0.009 GB Unpooled=0.000 GB
Begin error insertion: /home/KNUEEhdd1/idec/IDEC25/03-cc/customPDK32nm/synopsys_custom/invx0.icv.drc/saed32nm_1p9m_drc_rules.drc.rs:2306:not_covered_by
Error insertion complete: /home/KNUEEhdd1/idec/IDEC25/03-cc/customPDK32nm/synopsys_custom/invx0.icv.drc/saed32nm_1p9m_drc_rules.drc.rs:2306:not_covered_by
  Error Insertion Time=0:00:00  User=0.01 Sys=0.00 Mem=0.001 GB SQLite=0.009 GB Unpooled=0.000 GB
Begin error insertion: /home/KNUEEhdd1/idec/IDEC25/03-cc/customPDK32nm/synopsys_custom/invx0.icv.drc/saed32nm_1p9m_drc_rules.drc.rs:2298:not_covered_by
Error insertion complete: /home/KNUEEhdd1/idec/IDEC25/03-cc/customPDK32nm/synopsys_custom/invx0.icv.drc/saed32nm_1p9m_drc_rules.drc.rs:2298:not_covered_by
  Error Insertion Time=0:00:00  User=0.00 Sys=0.00 Mem=0.001 GB SQLite=0.009 GB Unpooled=0.000 GB
Begin error insertion: /home/KNUEEhdd1/idec/IDEC25/03-cc/customPDK32nm/synopsys_custom/invx0.icv.drc/saed32nm_1p9m_drc_rules.drc.rs:2158:not_rectangles
Error insertion complete: /home/KNUEEhdd1/idec/IDEC25/03-cc/customPDK32nm/synopsys_custom/invx0.icv.drc/saed32nm_1p9m_drc_rules.drc.rs:2158:not_rectangles
  Error Insertion Time=0:00:00  User=0.00 Sys=0.01 Mem=0.001 GB SQLite=0.010 GB Unpooled=0.000 GB
Begin error insertion: /home/KNUEEhdd1/idec/IDEC25/03-cc/customPDK32nm/synopsys_custom/invx0.icv.drc/saed32nm_1p9m_drc_rules.drc.rs:2201:external2
Error insertion complete: /home/KNUEEhdd1/idec/IDEC25/03-cc/customPDK32nm/synopsys_custom/invx0.icv.drc/saed32nm_1p9m_drc_rules.drc.rs:2201:external2
  Error Insertion Time=0:00:00  User=0.00 Sys=0.00 Mem=0.001 GB SQLite=0.010 GB Unpooled=0.000 GB
Begin error insertion: /home/KNUEEhdd1/idec/IDEC25/03-cc/customPDK32nm/synopsys_custom/invx0.icv.drc/saed32nm_1p9m_drc_rules.drc.rs:2256:enclose
Error insertion complete: /home/KNUEEhdd1/idec/IDEC25/03-cc/customPDK32nm/synopsys_custom/invx0.icv.drc/saed32nm_1p9m_drc_rules.drc.rs:2256:enclose
  Error Insertion Time=0:00:00  User=0.00 Sys=0.00 Mem=0.001 GB SQLite=0.010 GB Unpooled=0.000 GB
Begin error insertion: /home/KNUEEhdd1/idec/IDEC25/03-cc/customPDK32nm/synopsys_custom/invx0.icv.drc/saed32nm_1p9m_drc_rules.drc.rs:1122:area
Error insertion complete: /home/KNUEEhdd1/idec/IDEC25/03-cc/customPDK32nm/synopsys_custom/invx0.icv.drc/saed32nm_1p9m_drc_rules.drc.rs:1122:area
  Error Insertion Time=0:00:00  User=0.00 Sys=0.00 Mem=0.001 GB SQLite=0.010 GB Unpooled=0.000 GB
Begin error insertion: /home/KNUEEhdd1/idec/IDEC25/03-cc/customPDK32nm/synopsys_custom/invx0.icv.drc/saed32nm_1p9m_drc_rules.drc.rs:1037:external1
Error insertion complete: /home/KNUEEhdd1/idec/IDEC25/03-cc/customPDK32nm/synopsys_custom/invx0.icv.drc/saed32nm_1p9m_drc_rules.drc.rs:1037:external1
  Error Insertion Time=0:00:00  User=0.00 Sys=0.00 Mem=0.001 GB SQLite=0.010 GB Unpooled=0.000 GB
Begin error insertion: /home/KNUEEhdd1/idec/IDEC25/03-cc/customPDK32nm/synopsys_custom/invx0.icv.drc/saed32nm_1p9m_drc_rules.drc.rs:1028:internal1
Error insertion complete: /home/KNUEEhdd1/idec/IDEC25/03-cc/customPDK32nm/synopsys_custom/invx0.icv.drc/saed32nm_1p9m_drc_rules.drc.rs:1028:internal1
  Error Insertion Time=0:00:00  User=0.00 Sys=0.00 Mem=0.001 GB SQLite=0.010 GB Unpooled=0.000 GB
Begin error insertion: /home/KNUEEhdd1/idec/IDEC25/03-cc/customPDK32nm/synopsys_custom/invx0.icv.drc/saed32nm_1p9m_drc_rules.drc.rs:540:enclose
Error insertion complete: /home/KNUEEhdd1/idec/IDEC25/03-cc/customPDK32nm/synopsys_custom/invx0.icv.drc/saed32nm_1p9m_drc_rules.drc.rs:540:enclose
  Error Insertion Time=0:00:00  User=0.00 Sys=0.01 Mem=0.001 GB SQLite=0.010 GB Unpooled=0.000 GB
Begin error insertion: /home/KNUEEhdd1/idec/IDEC25/03-cc/customPDK32nm/synopsys_custom/invx0.icv.drc/saed32nm_1p9m_drc_rules.drc.rs:451:enclose
Error insertion complete: /home/KNUEEhdd1/idec/IDEC25/03-cc/customPDK32nm/synopsys_custom/invx0.icv.drc/saed32nm_1p9m_drc_rules.drc.rs:451:enclose
  Error Insertion Time=0:00:00  User=0.00 Sys=0.00 Mem=0.001 GB SQLite=0.010 GB Unpooled=0.000 GB
Begin error insertion: /home/KNUEEhdd1/idec/IDEC25/03-cc/customPDK32nm/synopsys_custom/invx0.icv.drc/saed32nm_1p9m_drc_rules.drc.rs:480:not_length_edge
Error insertion complete: /home/KNUEEhdd1/idec/IDEC25/03-cc/customPDK32nm/synopsys_custom/invx0.icv.drc/saed32nm_1p9m_drc_rules.drc.rs:480:not_length_edge
  Error Insertion Time=0:00:00  User=0.01 Sys=0.00 Mem=0.001 GB SQLite=0.010 GB Unpooled=0.000 GB
Begin error insertion: /home/KNUEEhdd1/idec/IDEC25/03-cc/customPDK32nm/synopsys_custom/invx0.icv.drc/saed32nm_1p9m_drc_rules.drc.rs:2190:external2
Error insertion complete: /home/KNUEEhdd1/idec/IDEC25/03-cc/customPDK32nm/synopsys_custom/invx0.icv.drc/saed32nm_1p9m_drc_rules.drc.rs:2190:external2
  Error Insertion Time=0:00:00  User=0.00 Sys=0.00 Mem=0.001 GB SQLite=0.010 GB Unpooled=0.000 GB
Begin error insertion: /home/KNUEEhdd1/idec/IDEC25/03-cc/customPDK32nm/synopsys_custom/invx0.icv.drc/saed32nm_1p9m_drc_rules.drc.rs:2216:not
Error insertion complete: /home/KNUEEhdd1/idec/IDEC25/03-cc/customPDK32nm/synopsys_custom/invx0.icv.drc/saed32nm_1p9m_drc_rules.drc.rs:2216:not
  Error Insertion Time=0:00:00  User=0.00 Sys=0.00 Mem=0.001 GB SQLite=0.010 GB Unpooled=0.000 GB
Begin error insertion: /home/KNUEEhdd1/idec/IDEC25/03-cc/customPDK32nm/synopsys_custom/invx0.icv.drc/saed32nm_1p9m_drc_rules.drc.rs:900:enclose
Error insertion complete: /home/KNUEEhdd1/idec/IDEC25/03-cc/customPDK32nm/synopsys_custom/invx0.icv.drc/saed32nm_1p9m_drc_rules.drc.rs:900:enclose
  Error Insertion Time=0:00:00  User=0.00 Sys=0.00 Mem=0.001 GB SQLite=0.010 GB Unpooled=0.000 GB
Begin error insertion: /home/KNUEEhdd1/idec/IDEC25/03-cc/customPDK32nm/synopsys_custom/invx0.icv.drc/saed32nm_1p9m_drc_rules.drc.rs:851:external1
Error insertion complete: /home/KNUEEhdd1/idec/IDEC25/03-cc/customPDK32nm/synopsys_custom/invx0.icv.drc/saed32nm_1p9m_drc_rules.drc.rs:851:external1
  Error Insertion Time=0:00:00  User=0.00 Sys=0.00 Mem=0.001 GB SQLite=0.010 GB Unpooled=0.000 GB
Begin error insertion: /home/KNUEEhdd1/idec/IDEC25/03-cc/customPDK32nm/synopsys_custom/invx0.icv.drc/saed32nm_1p9m_drc_rules.drc.rs:845:not
Error insertion complete: /home/KNUEEhdd1/idec/IDEC25/03-cc/customPDK32nm/synopsys_custom/invx0.icv.drc/saed32nm_1p9m_drc_rules.drc.rs:845:not
  Error Insertion Time=0:00:00  User=0.00 Sys=0.00 Mem=0.001 GB SQLite=0.010 GB Unpooled=0.000 GB
Begin error insertion: /home/KNUEEhdd1/idec/IDEC25/03-cc/customPDK32nm/synopsys_custom/invx0.icv.drc/saed32nm_1p9m_drc_rules.drc.rs:821:not
Error insertion complete: /home/KNUEEhdd1/idec/IDEC25/03-cc/customPDK32nm/synopsys_custom/invx0.icv.drc/saed32nm_1p9m_drc_rules.drc.rs:821:not
  Error Insertion Time=0:00:00  User=0.00 Sys=0.00 Mem=0.001 GB SQLite=0.010 GB Unpooled=0.000 GB
Begin error insertion: /home/KNUEEhdd1/idec/IDEC25/03-cc/customPDK32nm/synopsys_custom/invx0.icv.drc/saed32nm_1p9m_drc_rules.drc.rs:499:enclose
Error insertion complete: /home/KNUEEhdd1/idec/IDEC25/03-cc/customPDK32nm/synopsys_custom/invx0.icv.drc/saed32nm_1p9m_drc_rules.drc.rs:499:enclose
  Error Insertion Time=0:00:00  User=0.00 Sys=0.00 Mem=0.001 GB SQLite=0.010 GB Unpooled=0.000 GB
Client knuee-srv1(66930):24 connection closed
Client knuee-srv1(66944):25 connection closed
Client knuee-srv1(66930):24 disconnected (2 clients remain)
Client knuee-srv1(66944):25 disconnected (1 client remains)
 Total error insertion Time=0:00:02  User=0.04 Sys=0.05 Mem=0.001 GB SQLite=0.010 GB Unpooled=0.000 GB
  Total Commands: 31
  Total Errors: 122
  Avg Time/Cmd: Wall=0 User=0.00 Sys=0.00 Mem=0.001 GB MySQL Mem=0.000 GB
Generating /home/KNUEEhdd1/idec/IDEC25/03-cc/customPDK32nm/synopsys_custom/inv.icv.drc/inv.LAYOUT_ERRORS
  Generation Time=0:00:00  User=0.01 Sys=0.00 Mem=0.001 GB
Shutdown requested by client knuee-srv1(66840):17
0 clients remain connected
Client knuee-srv1(66840):17 connection closed
Overall server Time=0:00:04  User=0.08 Sys=0.09 Mem=0.001 GB SQLite=0.010 GB Unpooled=0.000 GB

                                  PYDB_Server 

          Version S-2021.06-SP2 for linux64 - Aug 30, 2021 cl#6831572

                    Copyright (c) 2007 - 2021 Synopsys, Inc.
   This software and the associated documentation are proprietary to Synopsys,
 Inc. This software may only be used in accordance with the terms and conditions
 of a written license agreement with Synopsys, Inc. All other use, reproduction,
   or distribution of this software is strictly prohibited.  Licensed Products
     communicate with Synopsys servers for the purpose of providing software
    updates, detecting software piracy and verifying that customers are using
    Licensed Products in conformity with the applicable License Key for such
  Licensed Products. Synopsys will use information gathered in connection with
    this process to deliver software updates and pursue software pirates and
                                   infringers.

 Inclusivity & Diversity - Visit SolvNetPlus to read the "Synopsys Statement on
            Inclusivity and Diversity" (Refer to article 000036315 at
                        https://solvnetplus.synopsys.com)

variable width coordinate support enabled.
Listening for connections on port 7863
PYDB_Server Started on host knuee-srv1, Thu 08/11/2022 10:30:29
Client knuee-srv1(67189):8 connected (1 total client)
Verified current licenses.
Opening file:/home/KNUEEhdd1/idec/IDEC25/03-cc/customPDK32nm/synopsys_custom/inv.icv.drc/run_details/pydb/PYDB_inv?nolock=1
SQLite page_size=65536
SQLite cache_size=65536
SQLite mmap_size=0
SQLite journal_mode=OFF
SQLite version 3.33.0
Shutdown requested by client knuee-srv1(67189):8
0 clients remain connected
Client knuee-srv1(67189):8 connection closed
Overall server Time=0:00:23  User=0.02 Sys=0.01 Mem=0.001 GB SQLite=0.004 GB Unpooled=0.000 GB
