[10:52:30.42] /o 
              /c                                 Custom Compiler 
              /c 
              /c                  Version S-2021.09 for linux64 - Aug 25, 2021 
              /c 
              /c                     Copyright (c) 2004 - 2021 Synopsys, Inc.
              /c    This software and the associated documentation are proprietary to Synopsys,
              /c  Inc. This software may only be used in accordance with the terms and conditions
              /c  of a written license agreement with Synopsys, Inc. All other use, reproduction,
              /c    or distribution of this software is strictly prohibited.  Licensed Products
              /c      communicate with Synopsys servers for the purpose of providing software
              /c     updates, detecting software piracy and verifying that customers are using
              /c     Licensed Products in conformity with the applicable License Key for such
              /c   Licensed Products. Synopsys will use information gathered in connection with
              /c     this process to deliver software updates and pursue software pirates and
              /c                                    infringers.
              /c 
              /c  Inclusivity & Diversity - Visit SolvNetPlus to read the "Synopsys Statement on
              /c             Inclusivity and Diversity" (Refer to article 000036315 at
              /c                         https://solvnetplus.synopsys.com)
              /c 
              /c Build  (OPT) Config 6809741 compiled on Wed Aug 25 11:47:50 2021 for CentOS64 7.3
              /c Invocation: /usr/synopsys/customcompiler/S-2021.09/linux64/platform/bin/custom_compiler
              /c Execution time: Thu Aug 11 10:52:27 2022
              /c Host: knuee-srv1
              /c Working directory: /home/KNUEEhdd1/idec/IDEC25/03-cc/customPDK32nm
              /c 
[10:52:32.86] /w Warning: Reference to undefined environment variable 'SAED32_28_PDK' found while processing '$SAED32_28_PDK/icv/drc/saed32nm_1p9m_drc_rules.rs'.
[10:52:33.19] /r giShowFrameTabs true
[10:52:33.19] /r giWindowId 1
[10:52:33.19] /r giWindowGeometry 1040x800
[10:52:33.61] /i db::setAttr geometry -of [gi::getFrames 1] -value 1040x824+179+56
[10:52:35.34] /# gi::pressButton {/scroll/scrollArea/scrollAreaInnerWidget/applications/dmLibraryManager} -in [gi::getWindows 1]
[10:52:35.34] /# 
[10:52:35.64] /i gi::addWindow [dm::openLibraryManager] -to 1
[10:52:35.64] /r giWindowId 2
[10:52:35.64] /r giWindowGeometry 660x600+50+78
[10:52:37.86] /i gi::setCurrentIndex {libs} -index {review} -in [gi::getWindows 2]
[10:52:37.87] /i gi::setItemSelection {libs} -index {review} -in [gi::getWindows 2]
[10:52:39.28] /i gi::setCurrentIndex {cells} -index {inv} -in [gi::getWindows 2]
[10:52:39.28] /i gi::setItemSelection {cells} -index {inv} -in [gi::getWindows 2]
[10:52:40.60] /i gi::setCurrentIndex {views} -index {layout} -in [gi::getWindows 2]
[10:52:40.60] /i gi::setItemSelection {views} -index {layout} -in [gi::getWindows 2]
[10:52:41.03] /i gi::setCurrentIndex {views} -index {schematic} -in [gi::getWindows 2]
[10:52:41.03] /i gi::setItemSelection {views} -index {schematic} -in [gi::getWindows 2]
[10:52:41.33] /i gi::setCurrentIndex {views} -index {symbol} -in [gi::getWindows 2]
[10:52:41.34] /i gi::setItemSelection {views} -index {symbol} -in [gi::getWindows 2]
[10:52:42.24] /i gi::setCurrentIndex {views} -index {schematic} -in [gi::getWindows 2]
[10:52:42.24] /i gi::setItemSelection {views} -index {schematic} -in [gi::getWindows 2]
[10:52:43.45] /i gi::setCurrentIndex {views} -index {symbol} -in [gi::getWindows 2]
[10:52:43.45] /i gi::setItemSelection {views} -index {symbol} -in [gi::getWindows 2]
[10:52:44.74] /i gi::setCurrentIndex {views} -index {layout} -in [gi::getWindows 2]
[10:52:44.74] /i gi::setItemSelection {views} -index {layout} -in [gi::getWindows 2]
[10:52:45.24] /i gi::executeAction {dmOpen} -in [gi::getWindows 2]
[10:52:45.27] /m Information: License 'Apex' checked out. (LICENSE-003)
[10:52:45.28] /w Warning: Conflicting definitions for ConstraintDef defWidth were read. These constraints will not be available.
[10:52:45.29] /w Warning: Preference 'leActiveLPP' is deprecated and scheduled for removal in a future release with no replacement. For migration assistance, see the Custom Compiler Tcl Reference Manual. (PREFERENCE-058)
[10:52:45.33] /o 	############################################
[10:52:45.33] /o 	--------------------------------------------
[10:52:45.33] /o 	PDK Name................... : SAED_PDK_32_28
[10:52:45.33] /o 	PDK Release Date........... : 25-Jun-2015
[10:52:45.33] /o 	PDK Custom Designer Version : J-2014.12-2
[10:52:45.33] /o 	--------------------------------------------
[10:52:45.33] /o 	############################################
[10:52:45.33] /o 
[10:52:45.35] /r giWindowId 3
[10:52:45.35] /r giWindowGeometry 1190x660
[10:52:46.98] /# gi::executeAction {deSelectActive} -in [gi::getWindows 3]
[10:52:47.78] /# gi::executeAction {leSplit} -in [gi::getWindows 3]
[10:52:47.79] /i ile::split
[10:52:53.92] /# gi::executeAction {xtLVSSetup} -in [gi::getWindows 3]
[10:52:53.92] /i xt::showLVSSetup -job lvs -window 3
[10:52:54.50] /i db::setAttr geometry -of [gi::getDialogs {xtLVSSetup} -parent [gi::getWindows 3]] -value 838x454+562+291
[10:53:00.16] /i gi::pressButton {/ok} -in [gi::getDialogs {xtLVSSetup} -parent [gi::getWindows 3]]
[10:53:00.25] /# xt::physicalVerification::executePve lvs 3 xtLVSExecutePve
[10:53:00.27] /m Information: "Starting netlisting for design "review/inv/schematic"..." (NETLISTING-010)
[10:53:00.28] /m Information: 
[10:53:00.28] /o Checking "review/inv/schematic"
[10:53:00.28] /o No rule violations found in "review/inv/schematic"
[10:53:00.28] /o No Design Integrity rule violations found in "review/inv/schematic"
[10:53:00.30] /m Information: "Netlisting design "review/inv/schematic" finished successfully." (NETLISTING-012)
[10:53:00.85] /r giWindowId 4
[10:53:00.86] /r giWindowGeometry 800x600
[10:53:10.68] /m Information: 
              /c =============================
              /c JobID: icv_lvs_14
              /c --- ERROR SUMMARY -----------
              /c LVS Device Extraction Error Summary
              /c 7 total rules were run.
              /c 0 rules NOT EXECUTED.
              /c 0 rules have violations.
              /c There are 0 total violations.
              /c Refer to inv.LAYOUT_ERRORS
              /c =============================
              /c 
[10:53:10.86] /w Warning: Initialize IC Validator VUE Server failed at port 9189: couldn't open socket: address already in use.
[10:53:10.86] /m Information: Attempt to bind to an available port.
[10:53:10.86] /m Information: IC Validator VUE Server initialized successfully at port 40495.
[10:53:16.17] /i db::setAttr geometry -of [gi::getFrames 1] -value 1040x701+181+56
[10:53:27.68] /i gi::setActiveTab {tabs} -tabName {inv.LVS_ERRORS} -in [gi::getWindows 4]
[10:53:34.06] /i gi::setActiveTab {tabs} -tabName {inv.LAYOUT_ERRORS} -in [gi::getWindows 4]
[10:53:37.39] /i gi::setActiveTab {tabs} -tabName {inv.RESULTS} -in [gi::getWindows 4]
[10:53:38.43] /i gi::setActiveTab {tabs} -tabName {saed32nm_1p9m_lvs_rules.lvs.rs} -in [gi::getWindows 4]
[10:53:39.37] /i gi::setActiveTab {tabs} -tabName {run_icv.sh} -in [gi::getWindows 4]
[10:53:40.93] /i gi::setActiveTab {tabs} -tabName {stdout.lvs.log} -in [gi::getWindows 4]
[10:53:56.61] /i gi::setActiveWindow 3
[10:53:56.61] /i gi::setActiveWindow 3 -raise true
[10:54:02.63] /# gi::executeAction {xtLVSDebug} -in [gi::getWindows 3]
[10:54:02.63] /i xt::physicalVerification::startDebugger lvs 3
[10:54:18.85] /# gi::executeAction {xtLVSSetup} -in [gi::getWindows 3]
[10:54:18.85] /i xt::showLVSSetup -job lvs -window 3
[10:54:19.37] /i db::setAttr geometry -of [gi::getDialogs {xtLVSSetup} -parent [gi::getWindows 3]] -value 838x454+562+291
[10:54:27.74] /i gi::pressButton {/apply} -in [gi::getDialogs {xtLVSSetup} -parent [gi::getWindows 3]]
[10:54:27.81] /# xt::physicalVerification::executePve lvs 3 xtLVSExecutePve
[10:54:27.82] /m Information: "Starting netlisting for design "review/inv/schematic"..." (NETLISTING-010)
[10:54:27.84] /m Information: 
[10:54:27.84] /o Checking "review/inv/schematic"
[10:54:27.84] /o No rule violations found in "review/inv/schematic"
[10:54:27.84] /o No Design Integrity rule violations found in "review/inv/schematic"
[10:54:27.85] /m Information: "Netlisting design "review/inv/schematic" finished successfully." (NETLISTING-012)
[10:54:30.79] /i db::setAttr geometry -of [gi::getDialogs {xtLVSSetup} -parent [gi::getWindows 3]] -value 838x454+1043+243
[10:54:35.77] /i db::setAttr geometry -of [gi::getDialogs {xtLVSSetup} -parent [gi::getWindows 3]] -value 838x454+1220+222
[10:54:38.38] /m Information: 
              /c =============================
              /c JobID: icv_lvs_15
              /c --- ERROR SUMMARY -----------
              /c LVS Device Extraction Error Summary
              /c 7 total rules were run.
              /c 0 rules NOT EXECUTED.
              /c 0 rules have violations.
              /c There are 0 total violations.
              /c Refer to inv.LAYOUT_ERRORS
              /c =============================
              /c 
[10:54:47.42] /i gi::setActiveTab {tabs} -tabName {inv.LVS_ERRORS} -in [gi::getWindows 4]
[10:55:00.12] /i gi::setActiveTab {tabs} -tabName {inv.LAYOUT_ERRORS} -in [gi::getWindows 4]
[10:55:01.88] /i gi::setActiveTab {tabs} -tabName {inv.RESULTS} -in [gi::getWindows 4]
[10:55:13.46] /i gi::setActiveTab {tabs} -tabName {saed32nm_1p9m_lvs_rules.lvs.rs} -in [gi::getWindows 4]
[10:55:14.78] /i gi::setActiveTab {tabs} -tabName {run_icv.sh} -in [gi::getWindows 4]
[10:55:16.31] /i gi::setActiveTab {tabs} -tabName {stdout.lvs.log} -in [gi::getWindows 4]
[10:55:19.56] /i db::setAttr geometry -of [gi::getDialogs {xtLVSSetup} -parent [gi::getWindows 3]] -value 838x454+537+213
[10:55:21.11] /i gi::setActiveTab {/tabGroup} -tabName {/tabGroup/netlistingOptionsTab} -in [gi::getDialogs {xtLVSSetup} -parent [gi::getWindows 3]]
[10:55:25.22] /i gi::setActiveTab {/tabGroup} -tabName {/tabGroup/mainTab} -in [gi::getDialogs {xtLVSSetup} -parent [gi::getWindows 3]]
[10:55:34.99] /i gi::setActiveTab {/tabGroup} -tabName {/tabGroup/netlistingOptionsTab} -in [gi::getDialogs {xtLVSSetup} -parent [gi::getWindows 3]]
[10:55:35.95] /i gi::setActiveTab {/tabGroup} -tabName {/tabGroup/controlVariablesTab} -in [gi::getDialogs {xtLVSSetup} -parent [gi::getWindows 3]]
[10:55:36.74] /i gi::setActiveTab {/tabGroup} -tabName {/tabGroup/customOptionsTab} -in [gi::getDialogs {xtLVSSetup} -parent [gi::getWindows 3]]
[10:55:39.66] /i gi::setActiveTab {/tabGroup} -tabName {/tabGroup/includePathsTab} -in [gi::getDialogs {xtLVSSetup} -parent [gi::getWindows 3]]
[10:55:41.23] /i gi::setActiveTab {/tabGroup} -tabName {/tabGroup/customOptionsTab} -in [gi::getDialogs {xtLVSSetup} -parent [gi::getWindows 3]]
[10:55:42.40] /i gi::setActiveTab {/tabGroup} -tabName {/tabGroup/controlVariablesTab} -in [gi::getDialogs {xtLVSSetup} -parent [gi::getWindows 3]]
[10:55:43.58] /i gi::setActiveTab {/tabGroup} -tabName {/tabGroup/netlistingOptionsTab} -in [gi::getDialogs {xtLVSSetup} -parent [gi::getWindows 3]]
[10:55:44.66] /i gi::setActiveTab {/tabGroup} -tabName {/tabGroup/mainTab} -in [gi::getDialogs {xtLVSSetup} -parent [gi::getWindows 3]]
[10:55:59.52] /i gi::setField {/tabGroup/mainTab/jobParametersGroup/loadRunset} -value {true} -in [gi::getDialogs {xtLVSSetup} -parent [gi::getWindows 3]]
[10:56:00.40] /i gi::pressButton {/apply} -in [gi::getDialogs {xtLVSSetup} -parent [gi::getWindows 3]]
[10:56:00.46] /# xt::physicalVerification::executePve lvs 3 xtLVSExecutePve
[10:56:00.48] /m Information: "Starting netlisting for design "review/inv/schematic"..." (NETLISTING-010)
[10:56:00.49] /m Information: 
[10:56:00.49] /o Checking "review/inv/schematic"
[10:56:00.49] /o No rule violations found in "review/inv/schematic"
[10:56:00.49] /o No Design Integrity rule violations found in "review/inv/schematic"
[10:56:00.51] /m Information: "Netlisting design "review/inv/schematic" finished successfully." (NETLISTING-012)
[10:56:00.72] /i gi::setActiveWindow 4
[10:56:00.72] /i gi::setActiveWindow 4 -raise true
[10:56:01.00] /i gi::setActiveTab {tabs} -tabName {stdout.lvs.log} -in [gi::getWindows 4]
[10:56:01.00] /i gi::setActiveTab {tabs} -tabName {stdout.lvs.log} -in [gi::getWindows 4]
[10:56:01.00] /i gi::setActiveTab {tabs} -tabName {stdout.lvs.log} -in [gi::getWindows 4]
[10:56:01.00] /i gi::setActiveTab {tabs} -tabName {stdout.lvs.log} -in [gi::getWindows 4]
[10:56:01.00] /i gi::setActiveTab {tabs} -tabName {stdout.lvs.log} -in [gi::getWindows 4]
[10:56:01.00] /i gi::setActiveTab {tabs} -tabName {stdout.lvs.log} -in [gi::getWindows 4]
[10:56:01.01] /i gi::setActiveTab {tabs} -tabName {stdout.lvs.log} -in [gi::getWindows 4]
[10:56:01.01] /i gi::setActiveTab {tabs} -tabName {stdout.lvs.log} -in [gi::getWindows 4]
[10:56:01.01] /i gi::setActiveTab {tabs} -tabName {stdout.lvs.log} -in [gi::getWindows 4]
[10:56:01.01] /i gi::setActiveTab {tabs} -tabName {stdout.lvs.log} -in [gi::getWindows 4]
[10:56:08.44] /i db::setAttr geometry -of [gi::getDialogs {xtLVSSetup} -parent [gi::getWindows 3]] -value 838x454+545+99
[10:56:10.73] /m Information: 
              /c =============================
              /c JobID: icv_lvs_16
              /c --- ERROR SUMMARY -----------
              /c LVS Device Extraction Error Summary
              /c 7 total rules were run.
              /c 0 rules NOT EXECUTED.
              /c 0 rules have violations.
              /c There are 0 total violations.
              /c Refer to inv.LAYOUT_ERRORS
              /c =============================
              /c 
[10:56:12.36] /i db::setAttr geometry -of [gi::getDialogs {xtLVSSetup} -parent [gi::getWindows 3]] -value 838x454+933+154
[10:56:15.79] /i db::setAttr geometry -of [gi::getFrames 1] -value 1040x701+38+56
[10:56:19.77] /i db::setAttr geometry -of [gi::getDialogs {xtLVSSetup} -parent [gi::getWindows 3]] -value 838x454+566+154
[10:56:31.61] /i gi::setField {/tabGroup/mainTab/jobParametersGroup/loadRunset} -value {false} -in [gi::getDialogs {xtLVSSetup} -parent [gi::getWindows 3]]
[10:56:34.59] /i gi::pressButton {/cancel} -in [gi::getDialogs {xtLVSSetup} -parent [gi::getWindows 3]]
[10:56:36.27] /i gi::setActiveWindow 3
[10:56:36.27] /i gi::setActiveWindow 3 -raise true
[10:56:42.28] /# gi::executeAction {deAddPoint} -in [gi::getWindows 3]
[10:56:42.28] /i de::addPoint {1.011 -0.122} -context [db::getNext [de::getContexts -window 3]]
[10:56:48.33] /# gi::executeAction {deAddPoint} -in [gi::getWindows 3]
[10:56:48.33] /i de::addPoint {1.015 0.494} -context [db::getNext [de::getContexts -window 3]]
[10:56:58.05] /# gi::executeAction {xtLVSViewOutputs} -in [gi::getWindows 3]
[10:56:58.05] /i xt::physicalVerification::viewJobOutputs lvs 3
[10:57:00.76] /i gi::setActiveWindow 3
[10:57:00.76] /i gi::setActiveWindow 3 -raise true
[10:57:08.70] /# gi::executeAction {xtPVEOptions} -in [gi::getWindows 3]
[10:57:08.70] /i xt::showPveOptions
[10:57:08.78] /i gi::setActiveDialog [gi::getDialogs {xtShowPveOptions}]
[10:57:09.00] /i db::setAttr geometry -of [gi::getDialogs {xtShowPveOptions}] -value 445x116+608+309
[10:57:11.63] /i gi::pressButton {/cancel} -in [gi::getDialogs {xtShowPveOptions}]
[11:01:30.57] /r giDialog gi::setActiveDialog [gi::getDialogs {giCloseFrame}]
[11:01:30.89] /r giDialog db::setAttr geometry -of [gi::getDialogs {giCloseFrame}] -value 299x108+409+360
[11:01:33.04] /r giDialog gi::pressButton {giCloseTabsButton} -in [gi::getDialogs {giCloseFrame}]
[11:01:33.05] /i exit
[11:01:33.18] /r giDialog gi::setActiveDialog [gi::getDialogs {deExitDialog} -parent [gi::getWindows 3]]
[11:01:33.47] /r giDialog db::setAttr geometry -of [gi::getDialogs {deExitDialog} -parent [gi::getWindows 3]] -value 419x181+349+323
[11:01:34.44] /r giDialog gi::pressButton {ok} -in [gi::getDialogs {deExitDialog} -parent [gi::getWindows 3]]
[11:01:35.23] /o Shutdown time: Thu Aug 11 11:01:35 2022
[11:01:35.23] /o Elapsed session real time: 9.08 minutes
[11:01:35.23] /o Session terminated. Log is at /home/KNUEEhdd1/idec/IDEC25/03-cc/customPDK32nm/synopsys_custom/logs/ccompiler.IDEC25.2022_8_11_105227_71271.log
